test
<bound method SUT.funcUnderTest of <__main__.SUT instance at 0x109628cb0>>
PASS
========================================
0:00:00.024 - End Test
Elapsed time: 0:00:00.000
========================================

test
<bound method SUT.funcUnderTest of <__main__.SUT instance at 0x10078bcb0>>
PASS
========================================
0:00:00.023 - End Test
Elapsed time: 0:00:00.000
========================================

test
<bound method SUT.funcUnderTest of <__main__.SUT instance at 0x10d2b3cb0>>
PASS
========================================
0:00:00.024 - End Test
Elapsed time: 0:00:00.000
========================================

test
<bound method SUT.funcUnderTest of <__main__.SUT instance at 0x10c7bccb0>>
PASS
========================================
0:00:00.023 - End Test
Elapsed time: 0:00:00.000
========================================

test
<bound method SUT.funcUnderTest of <__main__.SUT instance at 0x102376cb0>>
PASS
========================================
0:00:00.023 - End Test
Elapsed time: 0:00:00.000
========================================

test
<bound method SUT.funcUnderTest of <__main__.SUT instance at 0x10a8bdcb0>>
PASS
========================================
0:00:00.023 - End Test
Elapsed time: 0:00:00.000
========================================

test
<bound method SUT.funcUnderTest of <__main__.SUT instance at 0x10c8d2cb0>>
PASS
========================================
0:00:00.023 - End Test
Elapsed time: 0:00:00.000
========================================

test
<bound method SUT.funcUnderTest of <__main__.SUT instance at 0x10fe4ccb0>>
PASS
========================================
0:00:00.023 - End Test
Elapsed time: 0:00:00.000
========================================

test
<bound method SUT.funcUnderTest of <__main__.SUT instance at 0x1014e3cb0>>
PASS
========================================
0:00:00.023 - End Test
Elapsed time: 0:00:00.000
========================================

test
<bound method SUT.funcUnderTest of <__main__.SUT instance at 0x10b9decb0>>
PASS
========================================
0:00:00.024 - End Test
Elapsed time: 0:00:00.001
========================================

test
<bound method SUT.funcUnderTest of <__main__.SUT instance at 0x10498ecb0>>
PASS
========================================
0:00:00.023 - End Test
Elapsed time: 0:00:00.000
========================================

test
Sat Mar 29 09:04:57 2014
<bound method SUT.funcUnderTest of <__main__.SUT instance at 0x10d9e5cb0>>
PASS
========================================
0:00:00.025 - End Test
Elapsed time: 0:00:00.000
========================================

test
Sat Mar 29 09:04:58 2014
<bound method SUT.funcUnderTest of <__main__.SUT instance at 0x1064d7cb0>>
PASS
========================================
0:00:00.023 - End Test
Elapsed time: 0:00:00.000
========================================

test
Sat Mar 29 09:04:59 2014
<bound method SUT.funcUnderTest of <__main__.SUT instance at 0x100f9bcb0>>
PASS
========================================
0:00:00.023 - End Test
Elapsed time: 0:00:00.000
========================================

('Test run on', 'Sat Mar 29 09:05:40 2014')
<bound method SUT.funcUnderTest of <__main__.SUT instance at 0x1068dacb0>>
PASS
========================================
0:00:00.024 - End Test
Elapsed time: 0:00:00.000
========================================

('Test run on', 'Sat Mar 29 09:05:41 2014')
<bound method SUT.funcUnderTest of <__main__.SUT instance at 0x107e98cb0>>
PASS
========================================
0:00:00.024 - End Test
Elapsed time: 0:00:00.000
========================================

Test run on Sat Mar 29 09:08:14 2014
<bound method SUT.funcUnderTest of <__main__.SUT instance at 0x101b03cf8>>
PASS
========================================
0:00:00.026 - End Test
Elapsed time: 0:00:00.001
========================================

Test run on Sat Mar 29 09:08:15 2014
<bound method SUT.funcUnderTest of <__main__.SUT instance at 0x109412cf8>>
PASS
========================================
0:00:00.022 - End Test
Elapsed time: 0:00:00.000
========================================

Test run on Sat Mar 29 09:08:15 2014
<bound method SUT.funcUnderTest of <__main__.SUT instance at 0x100aefcf8>>
PASS
========================================
0:00:00.023 - End Test
Elapsed time: 0:00:00.000
========================================

Test run on Sat Mar 29 09:08:36 2014
PASS
========================================
0:00:00.026 - End Test
Elapsed time: 0:00:00.000
========================================

